# JRE version: Java(TM) SE Runtime Environment (21.0.9+7) (build 21.0.9+7-LTS-338)
# Java VM: Java HotSpot(TM) 64-Bit Server VM (21.0.9+7-LTS-338, mixed mode, sharing, tiered, compressed oops, compressed class ptrs, g1 gc, windows-amd64)
GC Precious Log:
 CardTable entry size: 512
 Card Set container configuration: InlinePtr #cards 4 size 8 Array Of Cards #cards 16 size 48 Howl #buckets 8 coarsen threshold 3686 Howl Bitmap #cards 512 size 80 coarsen threshold 460 Card regions per heap region 1 cards per card region 4096
 CPUs: 12 total, 12 available
 Memory: 14229M
 Large Page Support: Disabled
 NUMA Support: Disabled
 Compressed Oops: Enabled (Zero based)
 Heap Region Size: 2M
 Heap Min Capacity: 8M
 Heap Initial Capacity: 224M
 Heap Max Capacity: 3558M
 Pre-touch: Disabled
 Parallel Workers: 10
 Concurrent Workers: 3
 Concurrent Refinement Workers: 10
 Periodic GC: Disabled
Heap:
 garbage-first heap   total 81920K, used 45157K [0x0000000721a00000, 0x0000000800000000)
  region size 2048K, 7 young (14336K), 3 survivors (6144K)
 Metaspace       used 81310K, committed 82176K, reserved 1179648K
  class space    used 10992K, committed 11392K, reserved 1048576K
GC Heap History (20 events):
Event: 1.880 GC heap before
{Heap before GC invocations=4 (full 0):
 garbage-first heap   total 61440K, used 59473K [0x0000000721a00000, 0x0000000800000000)
  region size 2048K, 26 young (53248K), 4 survivors (8192K)
 Metaspace       used 28412K, committed 28800K, reserved 1114112K
  class space    used 3598K, committed 3776K, reserved 1048576K
}
Event: 1.889 GC heap after
{Heap after GC invocations=5 (full 0):
 garbage-first heap   total 73728K, used 18443K [0x0000000721a00000, 0x0000000800000000)
  region size 2048K, 6 young (12288K), 6 survivors (12288K)
 Metaspace       used 28412K, committed 28800K, reserved 1114112K
  class space    used 3598K, committed 3776K, reserved 1048576K
}
Event: 2.361 GC heap before
{Heap before GC invocations=5 (full 0):
 garbage-first heap   total 73728K, used 49163K [0x0000000721a00000, 0x0000000800000000)
  region size 2048K, 21 young (43008K), 6 survivors (12288K)
 Metaspace       used 33453K, committed 34048K, reserved 1114112K
  class space    used 4258K, committed 4544K, reserved 1048576K
}
Event: 2.367 GC heap after
{Heap after GC invocations=6 (full 0):
 garbage-first heap   total 73728K, used 20997K [0x0000000721a00000, 0x0000000800000000)
  region size 2048K, 2 young (4096K), 2 survivors (4096K)
 Metaspace       used 33453K, committed 34048K, reserved 1114112K
  class space    used 4258K, committed 4544K, reserved 1048576K
}
Event: 2.485 GC heap before
{Heap before GC invocations=6 (full 0):
 garbage-first heap   total 73728K, used 27141K [0x0000000721a00000, 0x0000000800000000)
  region size 2048K, 6 young (12288K), 2 survivors (4096K)
 Metaspace       used 35424K, committed 35968K, reserved 1114112K
  class space    used 4528K, committed 4800K, reserved 1048576K
}
Event: 2.487 GC heap after
{Heap after GC invocations=7 (full 0):
 garbage-first heap   total 90112K, used 20673K [0x0000000721a00000, 0x0000000800000000)
  region size 2048K, 2 young (4096K), 2 survivors (4096K)
 Metaspace       used 35424K, committed 35968K, reserved 1114112K
  class space    used 4528K, committed 4800K, reserved 1048576K
}
Event: 3.252 GC heap before
{Heap before GC invocations=8 (full 0):
 garbage-first heap   total 81920K, used 65729K [0x0000000721a00000, 0x0000000800000000)
  region size 2048K, 24 young (49152K), 2 survivors (4096K)
 Metaspace       used 47606K, committed 48128K, reserved 1114112K
  class space    used 6219K, committed 6464K, reserved 1048576K
}
Event: 3.255 GC heap after
{Heap after GC invocations=9 (full 0):
 garbage-first heap   total 81920K, used 23716K [0x0000000721a00000, 0x0000000800000000)
  region size 2048K, 3 young (6144K), 3 survivors (6144K)
 Metaspace       used 47606K, committed 48128K, reserved 1114112K
  class space    used 6219K, committed 6464K, reserved 1048576K
}
Event: 3.810 GC heap before
{Heap before GC invocations=9 (full 0):
 garbage-first heap   total 81920K, used 66724K [0x0000000721a00000, 0x0000000800000000)
  region size 2048K, 24 young (49152K), 3 survivors (6144K)
 Metaspace       used 56129K, committed 56768K, reserved 1114112K
  class space    used 7523K, committed 7808K, reserved 1048576K
}
Event: 3.814 GC heap after
{Heap after GC invocations=10 (full 0):
 garbage-first heap   total 81920K, used 25189K [0x0000000721a00000, 0x0000000800000000)
  region size 2048K, 3 young (6144K), 3 survivors (6144K)
 Metaspace       used 56129K, committed 56768K, reserved 1114112K
  class space    used 7523K, committed 7808K, reserved 1048576K
}
Event: 4.038 GC heap before
{Heap before GC invocations=10 (full 0):
 garbage-first heap   total 81920K, used 37477K [0x0000000721a00000, 0x0000000800000000)
  region size 2048K, 10 young (20480K), 3 survivors (6144K)
 Metaspace       used 59524K, committed 60160K, reserved 1114112K
  class space    used 8023K, committed 8320K, reserved 1048576K
}
Event: 4.041 GC heap after
{Heap after GC invocations=11 (full 0):
 garbage-first heap   total 81920K, used 26026K [0x0000000721a00000, 0x0000000800000000)
  region size 2048K, 2 young (4096K), 2 survivors (4096K)
 Metaspace       used 59524K, committed 60160K, reserved 1114112K
  class space    used 8023K, committed 8320K, reserved 1048576K
}
Event: 4.622 GC heap before
{Heap before GC invocations=12 (full 0):
 garbage-first heap   total 81920K, used 69034K [0x0000000721a00000, 0x0000000800000000)
  region size 2048K, 23 young (47104K), 2 survivors (4096K)
 Metaspace       used 65164K, committed 65856K, reserved 1114112K
  class space    used 8800K, committed 9088K, reserved 1048576K
}
Event: 4.626 GC heap after
{Heap after GC invocations=13 (full 0):
 garbage-first heap   total 81920K, used 29640K [0x0000000721a00000, 0x0000000800000000)
  region size 2048K, 3 young (6144K), 3 survivors (6144K)
 Metaspace       used 65164K, committed 65856K, reserved 1114112K
  class space    used 8800K, committed 9088K, reserved 1048576K
}
Event: 6.123 GC heap before
{Heap before GC invocations=13 (full 0):
 garbage-first heap   total 81920K, used 70600K [0x0000000721a00000, 0x0000000800000000)
  region size 2048K, 23 young (47104K), 3 survivors (6144K)
 Metaspace       used 70632K, committed 71424K, reserved 1114112K
  class space    used 9681K, committed 10048K, reserved 1048576K
}
Event: 6.128 GC heap after
{Heap after GC invocations=14 (full 0):
 garbage-first heap   total 81920K, used 33579K [0x0000000721a00000, 0x0000000800000000)
  region size 2048K, 2 young (4096K), 2 survivors (4096K)
 Metaspace       used 70632K, committed 71424K, reserved 1114112K
  class space    used 9681K, committed 10048K, reserved 1048576K
}
Event: 6.400 GC heap before
{Heap before GC invocations=14 (full 0):
 garbage-first heap   total 81920K, used 70443K [0x0000000721a00000, 0x0000000800000000)
  region size 2048K, 20 young (40960K), 2 survivors (4096K)
 Metaspace       used 72590K, committed 73344K, reserved 1114112K
  class space    used 9966K, committed 10304K, reserved 1048576K
}
Event: 6.402 GC heap after
{Heap after GC invocations=15 (full 0):
 garbage-first heap   total 81920K, used 34779K [0x0000000721a00000, 0x0000000800000000)
  region size 2048K, 1 young (2048K), 1 survivors (2048K)
 Metaspace       used 72590K, committed 73344K, reserved 1114112K
  class space    used 9966K, committed 10304K, reserved 1048576K
}
Event: 37.301 GC heap before
{Heap before GC invocations=15 (full 0):
 garbage-first heap   total 81920K, used 69595K [0x0000000721a00000, 0x0000000800000000)
  region size 2048K, 19 young (38912K), 1 survivors (2048K)
 Metaspace       used 80331K, committed 81152K, reserved 1179648K
  class space    used 10882K, committed 11264K, reserved 1048576K
}
Event: 37.305 GC heap after
{Heap after GC invocations=16 (full 0):
 garbage-first heap   total 81920K, used 39013K [0x0000000721a00000, 0x0000000800000000)
  region size 2048K, 3 young (6144K), 3 survivors (6144K)
 Metaspace       used 80331K, committed 81152K, reserved 1179648K
  class space    used 10882K, committed 11264K, reserved 1048576K
}

